Agent Group Id: 012X0N2500000000002U
Agent Group Name: MSI
Agent Name: MSI
Agent Id: 012X0N0800000000002U
Task Name: Replication Task1_output__c
Task Type: DRS
Task Id: 012X0N0G000000000003
Run Id: 2
Service Id: 1840643
Started By: iics2k25@gmail.com
Run Context Type: ICS_UI
04/09/2025 05:05:38 **** Importing Connection: SrcConn_012X0N0B000000000004 ...
04/09/2025 05:05:38 **** Importing Source Definition: output__c ...
04/09/2025 05:05:38 **** Importing Target Definition: TGT_OUTPUT__C_csv ...
04/09/2025 05:05:38 **** Importing SessionConfig: cfg_s_012X0N0G000000000003_output__c ...
    <Warning> :  The Error Log DB Connection value should have Relational: as the prefix.
    <Warning> :  Invalid value  for attribute Error Log DB Connection. Will use the default value 
    Validating Source Definition  output__c...
    Validating Target Definition  TGT_OUTPUT__C_csv...
04/09/2025 05:05:38 **** Importing Mapping: m_012X0N0G000000000003_output__c ...
Validating transformations of mapping m_012X0N0G000000000003_output__c...
Validating mapping variable(s).
    <Warning> :  Invalid table attribute: Exec SQL
04/09/2025 05:05:38 **** Importing Workflow: wf_dr_012X0N0G000000000003 ...
    <Warning> :  Invalid value None for attribute Pushdown Optimization Context. Will use the default value None     [Session< s_012X0N0G000000000003_output__c > ] 
    <Warning> :  The value entered is not a valid integer.
    <Warning> :  Invalid value NO for attribute Fail task after wait time. Will use the default value 
[Summary for Application Source Qualifier SQ_output__c]
     Is a new repartition point.
     Partition type changed from None to Pass Through.
Successfully extracted session instance [s_012X0N0G000000000003_output__c].  Starting repository sequence id is [60128754]
======================================================================
DIRECTOR> VAR_27085 [2025-04-09 05:05:38.211] Parameter file [C:\Program Files\Informatica Cloud Secure Agent\apps\Data_Integration_Server\data\parameters\s_012X0N0G000000000003_output__c.param] is opened for [session [wf_dr_012X0N0G000000000003.s_012X0N0G000000000003_output__c]].
DIRECTOR> TM_6014 [2025-04-09 05:05:38.211] Initializing session [s_012X0N0G000000000003_output__c] at [Wed Apr 09 05:05:38 2025].
DIRECTOR> TM_6683 [2025-04-09 05:05:38.211] Repository Name: [XMLRepository]
DIRECTOR> TM_6684 [2025-04-09 05:05:38.211] Server Name: [rDTM]
DIRECTOR> TM_6686 [2025-04-09 05:05:38.211] Folder: []
DIRECTOR> TM_6685 [2025-04-09 05:05:38.211] Workflow: [wf_dr_012X0N0G000000000003] Run Instance Name: [] Run Id: [0]
DIRECTOR> TM_6992 [2025-04-09 05:05:38.211] Operating System Type [NT]
DIRECTOR> TM_6101 [2025-04-09 05:05:38.211] Mapping name: m_012X0N0G000000000003_output__c.
DIRECTOR> TM_6964 [2025-04-09 05:05:38.212] Date format for the Session is [MM/DD/YYYY HH24:MI:SS]
DIRECTOR> TM_6703 [2025-04-09 05:05:38.212] Session [s_012X0N0G000000000003_output__c] is run by 64-bit Integration Service  [], version [10.2.0 HotFix2], build [0321].
MANAGER> PETL_24091 [2025-04-09 05:05:39.256] Thread [MANAGER] has the ID [1].
MANAGER> PETL_24058 [2025-04-09 05:05:39.256] Running Partition Group [1].
MANAGER> PETL_24000 [2025-04-09 05:05:39.256] Parallel Pipeline Engine initializing.
MONITOR> PETL_24091 [2025-04-09 05:05:39.256] Thread [MONITOR] has the ID [2].
MANAGER> PETL_24001 [2025-04-09 05:05:39.256] Parallel Pipeline Engine running.
MANAGER> PETL_24003 [2025-04-09 05:05:39.256] Initializing session run.
MAPPING> PETL_24091 [2025-04-09 05:05:39.257] Thread [MAPPING] has the ID [3].
MAPPING> CMN_1569 [2025-04-09 05:05:39.258] Server Mode: [UNICODE]
MAPPING> CMN_1570 [2025-04-09 05:05:39.258] Server Code page: [MS Windows Latin 1 (ANSI), superset of Latin1]
MAPPING> TM_6151 [2025-04-09 05:05:39.258] The session sort order is [Binary].
MAPPING> TM_6185 [2025-04-09 05:05:39.258] Warning. Code page validation is disabled in this session.
MAPPING> CMN_65109 [2025-04-09 05:05:39.258] Current Timezone:[UTC +5:30]
MAPPING> CMN_65111 [2025-04-09 05:05:39.258] Current Process ID:[46176]
MAPPING> TM_6155 [2025-04-09 05:05:39.258] Using HIGH precision processing.
MAPPING> TM_6180 [2025-04-09 05:05:39.258] Deadlock retry logic will not be implemented.
MAPPING> TM_6181 [2025-04-09 05:05:39.258] Session source-based commit interval is [5000].
MAPPING> PMJVM_42020 [2025-04-09 05:05:39.261] [INFO] Loaded library : C:\PROGRA~1\INFORM~1\apps\AGENTC~1\.\..\..\jdk8\jre\bin\server\jvm.dll.
MAPPING> PMJVM_42009 [2025-04-09 05:05:39.297] [INFO] Created Java VM successfully.
MAPPING> SDKS_38029 [2025-04-09 05:05:39.355] Loaded plug-in 500100: [plugin description].
MAPPING> SDKS_38024 [2025-04-09 05:05:39.416] Plug-in 500100 initialization complete.
MAPPING> SDKS_38016 [2025-04-09 05:05:39.417] Reader SDK plug-in initialization complete.
MAPPING> TM_6307 [2025-04-09 05:05:39.417] DTM error log disabled. 
MAPPING> TE_7022 [2025-04-09 05:05:39.417] TShmWriter: Initialized
MAPPING> DBG_21491 [2025-04-09 05:05:39.486] Source-based commit interval based on rows from Source Qualifier [SQ_output__c]
MAPPING> DBG_21244 [2025-04-09 05:05:39.486] Initializing Load Order Group [1]. Source Qualifier is [SQ_output__c]
MAPPING> TE_7118 [2025-04-09 05:05:39.486] ZL Engine is activated.
MAPPING> TM_6007 [2025-04-09 05:05:39.486] DTM initialized successfully for session [s_012X0N0G000000000003_output__c]
DIRECTOR> PETL_24033 [2025-04-09 05:05:39.487] All DTM Connection Info: [<NONE>].
MANAGER> PETL_24004 [2025-04-09 05:05:39.487] Starting pre-session tasks. : (Wed Apr 09 05:05:39 2025)
PRE-SESS> PETL_24091 [2025-04-09 05:05:39.487] Thread [PRE-SESS] has the ID [4].
MANAGER> PETL_24027 [2025-04-09 05:05:39.579] Pre-session task completed successfully. : (Wed Apr 09 05:05:39 2025)
DIRECTOR> PETL_24006 [2025-04-09 05:05:39.579] Starting data movement.
MAPPING> TM_6660 [2025-04-09 05:05:39.579] Total Buffer Pool size is 15615184 bytes and Block size is 865288 bytes.
READER_1_1_1> PETL_24091 [2025-04-09 05:05:39.824] Thread [READER_1_1_1] has the ID [5].
READER_1_1_1> SalesforceConnection_10057 [2025-04-09 05:05:39.851] [INFO] No proxy information set.
READER_1_1_1> SalesforceConnection_10048 [2025-04-09 05:05:41.511] [INFO] Account[iics2k25270@agentforce.com] logged on salesforce.com at [https://login.salesforce.com/services/Soap/u/60.0].
READER_1_1_1> SalesforceConnection_10147 [2025-04-09 05:05:41.511] [INFO] Logged on salesforce.com in [Standard] mode.
TRANSF_1_1_1> PETL_24091 [2025-04-09 05:05:41.521] Thread [TRANSF_1_1_1] has the ID [6].
WRITER_1_*_1> PETL_24091 [2025-04-09 05:05:41.521] Thread [WRITER_1_*_1] has the ID [7].
WRITER_1_*_1> WRT_8397 [2025-04-09 05:05:41.524] Appending output data to file [C:\PROGRA~1\INFORM~1\apps\Data_Integration_Server\data\error\output1.bad] (initial size [315]).
WRITER_1_*_1> TM_6708 [2025-04-09 05:05:41.524] Using configuration property [__PMOV_FFW_ESCAPE_QUOTE,Yes]
WRITER_1_*_1> WRT_8124 [2025-04-09 05:05:41.524] Target Table TGT_OUTPUT__C_csv :Writing output to: C:\Users\91739\OneDrive\Documents\cts_hands_on\TGT_OUTPUT__C.csv
WRITER_1_*_1> WRT_8222 [2025-04-09 05:05:41.524] Target file [C:\Users\91739\OneDrive\Documents\cts_hands_on\TGT_OUTPUT__C.csv] code page: [UTF-8 encoding of Unicode]
WRITER_1_*_1> WRT_8270 [2025-04-09 05:05:41.525] Target connection group #1 consists of target(s) [TGT_OUTPUT__C_csv]
WRITER_1_*_1> WRT_8324 [2025-04-09 05:05:41.525] Warning: Target Connection Group's connection doesn't support transactions. Targets [TGT_OUTPUT__C_csv] may not be loaded according to specified transaction boundary rules!
WRITER_1_*_1> WRT_8003 [2025-04-09 05:05:41.525] Writer initialization complete.
WRITER_1_*_1> WRT_8005 [2025-04-09 05:05:41.525] Writer run started.
WRITER_1_*_1> WRT_8158 [2025-04-09 05:05:41.526] 

*****START LOAD SESSION*****

Load Start Time: Wed Apr 09 05:05:41 2025

Target tables:

     TGT_OUTPUT__C_csv


READER_1_1_1> SalesforceReader_10045 [2025-04-09 05:05:41.530] [INFO] SOQL is [SELECT OwnerId ,PostalCode__c ,State__c ,PhoneNumber__c ,Customer_Type__c ,Name__c ,AreaCode__c ,Street__c ,City__c ,Country__c 
 FROM output__c].
READER_1_1_1> SalesforceReader_10143 [2025-04-09 05:05:41.674] [INFO] Total Expected Records from Salesforce is 10.   
TRANSF_1_1_1> DBG_21216 [2025-04-09 05:05:41.676] Finished transformations for Source Qualifier [SQ_output__c]. Total errors [0] 
WRITER_1_*_1> WRT_8167 [2025-04-09 05:05:41.676] Start loading table [TGT_OUTPUT__C_csv] at: Wed Apr 09 05:05:41 2025
WRITER_1_*_1> WRT_8168 [2025-04-09 05:05:41.680] End loading table [TGT_OUTPUT__C_csv] at: Wed Apr 09 05:05:41 2025
WRITER_1_*_1> WRT_8035 [2025-04-09 05:05:41.680] Load complete time: Wed Apr 09 05:05:41 2025

LOAD SUMMARY
============

WRT_8036 Target: TGT_OUTPUT__C_csv (Instance Name: [TGT_OUTPUT__C_csv])
WRT_8038 Inserted rows - Requested: 10         Applied: 10         Rejected: 0          Affected: 10        


WRITER_1_*_1> WRT_8043 [2025-04-09 05:05:41.680] *****END LOAD SESSION*****
WRITER_1_*_1> WRT_8006 [2025-04-09 05:05:41.680] Writer run completed.
MANAGER> PETL_24031 [2025-04-09 05:05:41.681] 
***** RUN INFO FOR TGT LOAD ORDER GROUP [1], CONCURRENT SET [1] *****
Thread [READER_1_1_1] created for [the read stage] of partition point [SQ_output__c] has completed. The total run time was insufficient for any meaningful statistics.
Thread [TRANSF_1_1_1] created for [the transformation stage] of partition point [SQ_output__c] has completed. The total run time was insufficient for any meaningful statistics.
Thread [WRITER_1_*_1] created for [the write stage] of partition point [TGT_OUTPUT__C_csv] has completed. The total run time was insufficient for any meaningful statistics.

MANAGER> PETL_24005 [2025-04-09 05:05:41.787] Starting post-session tasks. : (Wed Apr 09 05:05:41 2025)
POST-SESS> PETL_24091 [2025-04-09 05:05:41.788] Thread [POST-SESS] has the ID [8].
MANAGER> PETL_24029 [2025-04-09 05:05:41.832] Post-session task completed successfully. : (Wed Apr 09 05:05:41 2025)
MAPPING> SDKS_38025 [2025-04-09 05:05:41.833] Plug-in 500100 deinitialized and unloaded with status [0].
MAPPING> SDKS_38018 [2025-04-09 05:05:41.833] Reader SDK plug-ins deinitialized with status [0].
MAPPING> TM_6018 [2025-04-09 05:05:41.833] The session completed with [0] row transformation errors. 
MANAGER> PETL_24002 [2025-04-09 05:05:42.347] Parallel Pipeline Engine finished.
DIRECTOR> PETL_24012 [2025-04-09 05:05:42.409] Session run completed successfully.
DIRECTOR> VAR_27048 [2025-04-09 05:05:42.409] Persisting mapping variable values to the repository.
DIRECTOR> VAR_27049 [2025-04-09 05:05:42.409] Mapping variable name: [$$Filter_output__c], persisted value: [], run instance name [].
DIRECTOR> VAR_27049 [2025-04-09 05:05:42.409] Mapping variable name: [$$CDCStartTime_output__c], persisted value: [], run instance name [].
DIRECTOR> VAR_27049 [2025-04-09 05:05:42.409] Mapping variable name: [$$CDCEndTime_output__c], persisted value: [], run instance name [].
DIRECTOR> TM_6022 [2025-04-09 05:05:42.409] 

SESSION LOAD SUMMARY
================================================

DIRECTOR> TM_6252 [2025-04-09 05:05:42.409] Source Load Summary.
DIRECTOR> CMN_1740 [2025-04-09 05:05:42.409] Table: [SQ_output__c] (Instance Name: [SQ_output__c] Instance UI Name: [])
	 Output Rows [10], Affected Rows [10], Applied Rows [10], Rejected Rows [0]
DIRECTOR> TM_6253 [2025-04-09 05:05:42.409] Target Load Summary.
DIRECTOR> CMN_1740 [2025-04-09 05:05:42.409] Table: [TGT_OUTPUT__C_csv] (Instance Name: [TGT_OUTPUT__C_csv] Instance UI Name: [])
	 Output Rows [10], Affected Rows [10], Applied Rows [10], Rejected Rows [0]
DIRECTOR> TM_6023 [2025-04-09 05:05:42.409] 
===================================================

DIRECTOR> TM_6020 [2025-04-09 05:05:42.409] Session [s_012X0N0G000000000003_output__c] completed at [Wed Apr 09 05:05:42 2025].
