Agent Group Id: 012X0N2500000000002U
Agent Group Name: MSI
Agent Name: MSI
Agent Id: 012X0N0800000000002U
Task Name: AGG_TASK
Task Type: MTT
Task Id: 012X0N0Z00000000000R
Run Id: 1
Service Id: 1840643
Started By: iics2k25@gmail.com
Run Context Type: ICS_UI
04/10/2025 03:14:15 **** Importing Connection: Conn_012X0N0B000000000009 ...
04/10/2025 03:14:15 **** Importing Source Definition: CDW_UAS_F_RESULT ...
04/10/2025 03:14:15 **** Importing Target Definition: CDW_UAS_F_AGG_DATA ...
04/10/2025 03:14:15 **** Importing SessionConfig: default_session_config ...
    <Warning> :  The Error Log DB Connection value should have Relational: as the prefix.
    <Warning> :  Invalid value  for attribute Error Log DB Connection. Will use the default value 
    Validating Source Definition  CDW_UAS_F_RESULT...
    Validating Target Definition  CDW_UAS_F_AGG_DATA...
04/10/2025 03:14:15 **** Importing Mapping: Mapping0 ...
    <Warning> :  transformation: Source - Invalid value  for attribute Output is repeatable. Will use the default value Never    [transformation< Source > ] 
Validating transformations of mapping Mapping0...
Validating mapping variable(s).
04/10/2025 03:14:15 **** Importing Workflow: wf_mtt_012X0N0Z00000000000R ...
    <Warning> :  Invalid value None for attribute Pushdown Optimization Context. Will use the default value None     [Session< s_mtt_012X0N0Z00000000000R > ] 
    <Warning> :  The value entered is not a valid integer.
    <Warning> :  Invalid value NO for attribute Fail task after wait time. Will use the default value 
Successfully extracted session instance [s_mtt_012X0N0Z00000000000R].  Starting repository sequence id is [102915249]
======================================================================
PETL_24036 [2025-04-10 03:14:15.799] Beginning the prepare phase for the session.
TM_6721 [2025-04-10 03:14:15.799] Started [Connect to Repository].
TM_6722 [2025-04-10 03:14:15.839] Finished [Connect to Repository].  It took [0.0405309] seconds.
TM_6721 [2025-04-10 03:14:15.840] Started [Fetch Session from Repository].
TM_6722 [2025-04-10 03:14:15.882] Finished [Fetch Session from Repository].  It took [0.0420101] seconds.
VAR_27085 [2025-04-10 03:14:15.931] Parameter file [C:\Program Files\Informatica Cloud Secure Agent\apps\Data_Integration_Server\data\parameters\s_mtt_012X0N0Z00000000000R.param] is opened for [session [wf_mtt_012X0N0Z00000000000R.s_mtt_012X0N0Z00000000000R]].
VAR_27062 [2025-04-10 03:14:15.931] Warning! Cannot find section for worklet [wf_mtt_012X0N0Z00000000000R] and folder [] in parameter file [C:\Program Files\Informatica Cloud Secure Agent\apps\Data_Integration_Server\data\parameters\s_mtt_012X0N0Z00000000000R.param].
TM_6721 [2025-04-10 03:14:16.061] Started [Partition Group Formation].
TM_6722 [2025-04-10 03:14:16.061] Finished [Partition Group Formation].  It took [0] seconds.
PETL_24037 [2025-04-10 03:14:16.061] Finished the prepare phase for the session.
DIRECTOR> TM_6228 [2025-04-10 03:14:16.062] Writing session output to log file [C:\PROGRA~1\INFORM~1\apps\Data_Integration_Server\data\..\logs\s_mtt_77MyheBGZOYeIpmbEOMkwJ_1.log].
DIRECTOR> VAR_27085 [2025-04-10 03:14:16.062] Parameter file [C:\Program Files\Informatica Cloud Secure Agent\apps\Data_Integration_Server\data\parameters\s_mtt_012X0N0Z00000000000R.param] is opened for [session [wf_mtt_012X0N0Z00000000000R.s_mtt_012X0N0Z00000000000R]].
DIRECTOR> VAR_27062 [2025-04-10 03:14:16.063] Warning! Cannot find section for worklet [wf_mtt_012X0N0Z00000000000R] and folder [] in parameter file [C:\Program Files\Informatica Cloud Secure Agent\apps\Data_Integration_Server\data\parameters\s_mtt_012X0N0Z00000000000R.param].
DIRECTOR> TM_6014 [2025-04-10 03:14:16.063] Initializing session [s_mtt_012X0N0Z00000000000R] at [Thu Apr 10 03:14:16 2025].
DIRECTOR> TM_6683 [2025-04-10 03:14:16.063] Repository Name: [XMLRepository]
DIRECTOR> TM_6684 [2025-04-10 03:14:16.063] Server Name: [rDTM]
DIRECTOR> TM_6686 [2025-04-10 03:14:16.063] Folder: []
DIRECTOR> TM_6685 [2025-04-10 03:14:16.063] Workflow: [wf_mtt_012X0N0Z00000000000R] Run Instance Name: [] Run Id: [0]
DIRECTOR> TM_6992 [2025-04-10 03:14:16.063] Operating System Type [NT]
DIRECTOR> TM_6101 [2025-04-10 03:14:16.063] Mapping name: Mapping0.
DIRECTOR> TM_6964 [2025-04-10 03:14:16.065] Date format for the Session is [MM/DD/YYYY HH24:MI:SS.US]
DIRECTOR> TM_6703 [2025-04-10 03:14:16.065] Session [s_mtt_012X0N0Z00000000000R] is run by 64-bit Integration Service  [], version [10.2.0 HotFix2], build [0321].
MANAGER> PETL_24091 [2025-04-10 03:14:17.129] Thread [MANAGER] has the ID [1].
MANAGER> PETL_24058 [2025-04-10 03:14:17.129] Running Partition Group [1].
MANAGER> PETL_24000 [2025-04-10 03:14:17.129] Parallel Pipeline Engine initializing.
MONITOR> PETL_24091 [2025-04-10 03:14:17.130] Thread [MONITOR] has the ID [2].
MANAGER> PETL_24001 [2025-04-10 03:14:17.130] Parallel Pipeline Engine running.
MANAGER> PETL_24003 [2025-04-10 03:14:17.130] Initializing session run.
MAPPING> PETL_24091 [2025-04-10 03:14:17.130] Thread [MAPPING] has the ID [3].
MAPPING> CMN_1569 [2025-04-10 03:14:17.132] Server Mode: [UNICODE]
MAPPING> CMN_1570 [2025-04-10 03:14:17.132] Server Code page: [MS Windows Latin 1 (ANSI), superset of Latin1]
MAPPING> TM_6151 [2025-04-10 03:14:17.132] The session sort order is [Binary].
MAPPING> TM_6185 [2025-04-10 03:14:17.132] Warning. Code page validation is disabled in this session.
MAPPING> CMN_65109 [2025-04-10 03:14:17.132] Current Timezone:[UTC +5:30]
MAPPING> CMN_65111 [2025-04-10 03:14:17.132] Current Process ID:[57408]
MAPPING> TM_6155 [2025-04-10 03:14:17.132] Using HIGH precision processing.
MAPPING> TM_6180 [2025-04-10 03:14:17.132] Deadlock retry logic will not be implemented.
MAPPING> TM_6187 [2025-04-10 03:14:17.132] Session target-based commit interval is [10000].
MAPPING> TM_6307 [2025-04-10 03:14:17.132] DTM error log disabled. 
MAPPING> TE_7022 [2025-04-10 03:14:17.132] TShmWriter: Initialized
MAPPING> DBG_21694 [2025-04-10 03:14:17.134] Aggregator Partition [0]: Index cache size = [1000000], Data cache size = [2000000]
MAPPING> TE_7212 [2025-04-10 03:14:17.134] Increasing [Index Cache] size for transformation [Aggregator] from [1000000] to [1052640].
MAPPING> TE_7212 [2025-04-10 03:14:17.134] Increasing [Data Cache] size for transformation [Aggregator] from [2000000] to [2097516].
MAPPING> TE_7029 [2025-04-10 03:14:17.134] Aggregate Information: Creating New Index and Data Files
MAPPING> TE_7034 [2025-04-10 03:14:17.135] Aggregate Information: Index file is [C:\PROGRA~1\INFORM~1\apps\Data_Integration_Server\data\cache\PMAGG102915310_5_0.idx]
MAPPING> TE_7035 [2025-04-10 03:14:17.135] Aggregate Information: Data file is [C:\PROGRA~1\INFORM~1\apps\Data_Integration_Server\data\cache\PMAGG102915310_5_0.dat]
MAPPING> TM_6007 [2025-04-10 03:14:17.135] DTM initialized successfully for session [s_mtt_012X0N0Z00000000000R]
DIRECTOR> PETL_24033 [2025-04-10 03:14:17.347] All DTM Connection Info: [<NONE>].
MANAGER> PETL_24004 [2025-04-10 03:14:17.347] Starting pre-session tasks. : (Thu Apr 10 03:14:17 2025)
PRE-SESS> PETL_24091 [2025-04-10 03:14:17.347] Thread [PRE-SESS] has the ID [4].
MANAGER> PETL_24027 [2025-04-10 03:14:17.425] Pre-session task completed successfully. : (Thu Apr 10 03:14:17 2025)
DIRECTOR> PETL_24006 [2025-04-10 03:14:17.425] Starting data movement.
MAPPING> TM_6660 [2025-04-10 03:14:17.425] Total Buffer Pool size is 1733728 bytes and Block size is 94096 bytes.
READER_1_1_1> PETL_24091 [2025-04-10 03:14:17.426] Thread [READER_1_1_1] has the ID [5].
READER_1_1_1> DBG_21438 [2025-04-10 03:14:17.428] Reader: Source is [odbc://dbtype=Oracle;host=localhost;port=1522;database=xe], Type [ODBC], User [final]
READER_1_1_1> BLKR_16051 [2025-04-10 03:14:17.430] Source database connection [Conn_012X0N0B000000000009] code page: [UTF-8 encoding of Unicode]
READER_1_1_1> CMN_1021 [2025-04-10 03:14:17.461] Database driver event...
CMN_1021 [Reading driver properties from : C:\Program Files\Informatica Cloud Secure Agent\apps\Data_Integration_Server\72.0.1.1\ICS\main\bin\rdtm/../../../../drivers/driver.properties
DTM flag to determine driver name is not found hence default to [DataDirect CLOSED 8.0 Oracle Wire Protocol for Informatica - BASE] driver.
ODBC Event Using array fetches.
ODBC Event Using Single Row Inserts. connect string = [Driver=DataDirect CLOSED 8.0 Oracle Wire Protocol for Informatica - BASE;Host=localhost;ServiceName=xe;Port=1522;UID=final;AS=6000000;EBL=0;ENS=1;IACP=4;ETWT=1;WorkArounds2=2;EnableEmptyLobs=1]. userid = [final]
ODBC Version:	03.80.0000
.
DBMS Name:	Oracle
.
DBMS Version:	11.02.0000 Oracle 11.2.0.2.0
.
Driver Name:	dwora28.dll
.
Driver Version:	08.02.3072 (B1917, U1723)
.
Driver ODBC Version:	03.52
.]

READER_1_1_1> BLKR_16003 [2025-04-10 03:14:17.461] Initialization completed successfully.
TRANSF_1_1_1> PETL_24091 [2025-04-10 03:14:17.461] Thread [TRANSF_1_1_1] has the ID [6].
WRITER_1_*_1> PETL_24091 [2025-04-10 03:14:17.462] Thread [WRITER_1_*_1] has the ID [7].
WRITER_1_*_1> WRT_8147 [2025-04-10 03:14:17.462] Writer: Target is Database [odbc://dbtype=Oracle;host=localhost;port=1522;database=xe], Type [ODBC], User [final], Bulk Mode [OFF]
WRITER_1_*_1> CMN_1021 [2025-04-10 03:14:17.480] Database driver event...
CMN_1021 [Reading driver properties from : C:\Program Files\Informatica Cloud Secure Agent\apps\Data_Integration_Server\72.0.1.1\ICS\main\bin\rdtm/../../../../drivers/driver.properties
DTM flag to determine driver name is not found hence default to [DataDirect CLOSED 8.0 Oracle Wire Protocol for Informatica - BASE] driver.
ODBC Event Using array fetches.
ODBC Event Using Single Row Inserts. connect string = [Driver=DataDirect CLOSED 8.0 Oracle Wire Protocol for Informatica - BASE;Host=localhost;ServiceName=xe;Port=1522;UID=final;AS=6000000;EBL=0;ENS=1;IACP=4;ETWT=1;WorkArounds2=2;EnableEmptyLobs=1]. userid = [final]
ODBC Version:	03.80.0000
.
DBMS Name:	Oracle
.
DBMS Version:	11.02.0000 Oracle 11.2.0.2.0
.
Driver Name:	dwora28.dll
.
Driver Version:	08.02.3072 (B1917, U1723)
.
Driver ODBC Version:	03.52
.]

WRITER_1_*_1> WRT_8221 [2025-04-10 03:14:17.480] Target database connection [Conn_012X0N0B000000000009] code page: [UTF-8 encoding of Unicode]
WRITER_1_*_1> WRT_8124 [2025-04-10 03:14:17.482] Target Table CDW_UAS_F_AGG_DATA :SQL INSERT statement:
INSERT INTO FINAL.CDW_UAS_F_AGG_DATA(CDW_RESULT_AGG_DSET_KEY,COLLEGE_CODE,COLLEGE_NAME,COURSE_CODE,COURSE_NAME,TOTAL_PASS,MAXIMUM_MARK,CREATED_DATE)  VALUES ( ?, ?, ?, ?, ?, ?, ?, ?) 
WRITER_1_*_1> WRT_8020 [2025-04-10 03:14:17.482] No column marked as primary key for table [CDW_UAS_F_AGG_DATA]. UPDATEs Not Supported.
WRITER_1_*_1> WRT_8270 [2025-04-10 03:14:17.483] Target connection group #1 consists of target(s) [CDW_UAS_F_AGG_DATA]
WRITER_1_*_1> WRT_8003 [2025-04-10 03:14:17.483] Writer initialization complete.
READER_1_1_1> BLKR_16007 [2025-04-10 03:14:17.483] Reader run started.
WRITER_1_*_1> WRT_8005 [2025-04-10 03:14:17.483] Writer run started.
WRITER_1_*_1> WRT_8158 [2025-04-10 03:14:17.483] 

*****START LOAD SESSION*****

Load Start Time: Thu Apr 10 03:14:17 2025

Target tables:

     CDW_UAS_F_AGG_DATA


READER_1_1_1> RR_4010 [2025-04-10 03:14:17.483] SQ instance [Source] SQL Query [SELECT FINAL.CDW_UAS_F_RESULT.CDW_XYZ_F_RESULT_DSET_KEY, FINAL.CDW_UAS_F_RESULT.RESULT_F_PERIOD_KEY, FINAL.CDW_UAS_F_RESULT.RESULT_F_STUDENT_KEY, FINAL.CDW_UAS_F_RESULT.RESULT_F_DEPARTMENT_KEY, FINAL.CDW_UAS_F_RESULT.RESULT_F_COLLEGE_CODE, FINAL.CDW_UAS_F_RESULT.RESULT_F_COLLEGE_NAME, FINAL.CDW_UAS_F_RESULT.RESULT_F_COURSE_CODE, FINAL.CDW_UAS_F_RESULT.RESULT_F_COURSE_NAME, FINAL.CDW_UAS_F_RESULT.RESULT_MARKS, FINAL.CDW_UAS_F_RESULT.RESULT_GRADE, FINAL.CDW_UAS_F_RESULT.CREATED_DATE, FINAL.CDW_UAS_F_RESULT.CREATED_BY FROM FINAL.CDW_UAS_F_RESULT]
READER_1_1_1> RR_4049 [2025-04-10 03:14:17.483] SQL Query issued to database : (Thu Apr 10 03:14:17 2025)
READER_1_1_1> RR_4050 [2025-04-10 03:14:17.485] First row returned from database to reader : (Thu Apr 10 03:14:17 2025)
READER_1_1_1> BLKR_16019 [2025-04-10 03:14:17.485] Read [10] rows, read [0] error rows for source table [CDW_UAS_F_RESULT] instance name [CDW_UAS_F_RESULT]
READER_1_1_1> BLKR_16008 [2025-04-10 03:14:17.485] Reader run completed.
TRANSF_1_1_1> TE_7032 [2025-04-10 03:14:17.491] The B-Tree being managed in files
C:\PROGRA~1\INFORM~1\apps\Data_Integration_Server\data\cache\PMAGG102915310_5_0.dat for Data and

C:\PROGRA~1\INFORM~1\apps\Data_Integration_Server\data\cache\PMAGG102915310_5_0.idx for Index has:
	Index Size:	37
	Row Size:	188
	Order:		100
	Minimum Order:	50
	Height:		1
	Entries:	5
	IndexPageSize:	4896
	IndexPages:	215
	DataPageSize:	564
	DataPages:	3719

WRITER_1_*_1> WRT_8167 [2025-04-10 03:14:17.491] Start loading table [CDW_UAS_F_AGG_DATA] at: Thu Apr 10 03:14:17 2025
TRANSF_1_1_1> DBG_21216 [2025-04-10 03:14:17.491] Finished transformations for Source Qualifier [Source]. Total errors [0] 
WRITER_1_*_1> WRT_8168 [2025-04-10 03:14:17.491] End loading table [CDW_UAS_F_AGG_DATA] at: Thu Apr 10 03:14:17 2025
WRITER_1_*_1> WRT_8141 [2025-04-10 03:14:17.492] 
Commit on end-of-data  Thu Apr 10 03:14:17 2025
===================================================

WRT_8036 Target: CDW_UAS_F_AGG_DATA (Instance Name: [CDW_UAS_F_AGG_DATA])
WRT_8038 Inserted rows - Requested: 5          Applied: 5          Rejected: 0          Affected: 5         

WRITER_1_*_1> WRT_8035 [2025-04-10 03:14:17.493] Load complete time: Thu Apr 10 03:14:17 2025

LOAD SUMMARY
============

WRT_8036 Target: CDW_UAS_F_AGG_DATA (Instance Name: [CDW_UAS_F_AGG_DATA])
WRT_8038 Inserted rows - Requested: 5          Applied: 5          Rejected: 0          Affected: 5         


WRITER_1_*_1> WRT_8043 [2025-04-10 03:14:17.493] *****END LOAD SESSION*****
WRITER_1_*_1> WRT_8006 [2025-04-10 03:14:17.497] Writer run completed.
MANAGER> PETL_24031 [2025-04-10 03:14:17.498] 
***** RUN INFO FOR TGT LOAD ORDER GROUP [1], CONCURRENT SET [1] *****
Thread [READER_1_1_1] created for [the read stage] of partition point [Source] has completed. The total run time was insufficient for any meaningful statistics.
Thread [TRANSF_1_1_1] created for [the transformation stage] of partition point [Source] has completed. The total run time was insufficient for any meaningful statistics.
Thread [WRITER_1_*_1] created for [the write stage] of partition point [CDW_UAS_F_AGG_DATA] has completed. The total run time was insufficient for any meaningful statistics.

MAPPING> CMN_1791 [2025-04-10 03:14:17.627] The index cache size that would hold [5] aggregate groups of input rows for [Aggregator], in memory, is [4896] bytes
MAPPING> CMN_1790 [2025-04-10 03:14:17.627] The data cache size that would hold [5] aggregate groups of input rows for [Aggregator], in memory, is [1128] bytes
MANAGER> PETL_24005 [2025-04-10 03:14:17.627] Starting post-session tasks. : (Thu Apr 10 03:14:17 2025)
POST-SESS> PETL_24091 [2025-04-10 03:14:17.628] Thread [POST-SESS] has the ID [8].
MANAGER> PETL_24029 [2025-04-10 03:14:17.705] Post-session task completed successfully. : (Thu Apr 10 03:14:17 2025)
MAPPING> TM_6018 [2025-04-10 03:14:17.705] The session completed with [0] row transformation errors. 
MANAGER> TE_7216 [2025-04-10 03:14:17.782] Deleting cache files [C:\PROGRA~1\INFORM~1\apps\Data_Integration_Server\data\cache\PMAGG102915310_5_0.idx] for transformation [Aggregator].
MANAGER> TE_7216 [2025-04-10 03:14:17.782] Deleting cache files [C:\PROGRA~1\INFORM~1\apps\Data_Integration_Server\data\cache\PMAGG102915310_5_0.dat] for transformation [Aggregator].
MANAGER> PETL_24002 [2025-04-10 03:14:18.205] Parallel Pipeline Engine finished.
DIRECTOR> PETL_24012 [2025-04-10 03:14:18.268] Session run completed successfully.
DIRECTOR> TM_6022 [2025-04-10 03:14:18.268] 

SESSION LOAD SUMMARY
================================================

DIRECTOR> TM_6252 [2025-04-10 03:14:18.268] Source Load Summary.
DIRECTOR> CMN_1740 [2025-04-10 03:14:18.268] Table: [Source] (Instance Name: [Source] Instance UI Name: [Source])
	 Output Rows [10], Affected Rows [10], Applied Rows [10], Rejected Rows [0]
DIRECTOR> TM_6253 [2025-04-10 03:14:18.268] Target Load Summary.
DIRECTOR> CMN_1740 [2025-04-10 03:14:18.268] Table: [CDW_UAS_F_AGG_DATA] (Instance Name: [CDW_UAS_F_AGG_DATA] Instance UI Name: [Target])
	 Output Rows [5], Affected Rows [5], Applied Rows [5], Rejected Rows [0]
DIRECTOR> TM_6023 [2025-04-10 03:14:18.268] 
===================================================

DIRECTOR> TM_6020 [2025-04-10 03:14:18.268] Session [s_mtt_012X0N0Z00000000000R] completed at [Thu Apr 10 03:14:18 2025].
