Agent Group Id: 012X0N2500000000002U
Agent Group Name: MSI
Agent Name: MSI
Agent Id: 012X0N0800000000002U
Task Name: TIME_DIM
Task Type: MTT_TEST
Task Id: 012X0N0Z00000000000J
Run Id: 1
Service Id: 1840643
Started By: iics2k25@gmail.com
Run Context Type: ICS_UI
04/09/2025 19:49:38 **** Importing Connection: Conn_012X0N0B000000000009 ...
04/09/2025 19:49:38 **** Importing Source Definition: CDW_UAS_D_TIME_txt ...
04/09/2025 19:49:38 **** Importing Target Definition: CDW_UAS_D_TIME ...
04/09/2025 19:49:38 **** Importing SessionConfig: default_session_config ...
    <Warning> :  The Error Log DB Connection value should have Relational: as the prefix.
    <Warning> :  Invalid value  for attribute Error Log DB Connection. Will use the default value 
    Validating Source Definition  CDW_UAS_D_TIME_txt...
    Validating Target Definition  CDW_UAS_D_TIME...
04/09/2025 19:49:38 **** Importing Mapping: Mapping0 ...
    <Warning> :  transformation: Source - Invalid value  for attribute Output is repeatable. Will use the default value Never    [transformation< Source > ] 
    <Warning> :  Invalid table attribute: Thousand Separator    [transformation< Source > ] 
    <Warning> :  Invalid table attribute: Decimal Separator    [transformation< Source > ] 
    <Warning> :  Invalid table attribute: Datetime Format    [transformation< Source > ] 
Validating transformations of mapping Mapping0...
Validating mapping variable(s).
04/09/2025 19:49:38 **** Importing Workflow: wf_mtt_012X0N0Z00000000000J ...
    <Warning> :  Invalid value None for attribute Pushdown Optimization Context. Will use the default value None     [Session< s_mtt_012X0N0Z00000000000J > ] 
    <Warning> :  The value entered is not a valid integer.
    <Warning> :  Invalid value NO for attribute Fail task after wait time. Will use the default value 
Successfully extracted session instance [s_mtt_012X0N0Z00000000000J].  Starting repository sequence id is [145243207]
======================================================================
DIRECTOR> VAR_27085 [2025-04-09 19:49:38.833] Parameter file [C:\Program Files\Informatica Cloud Secure Agent\apps\Data_Integration_Server\data\parameters\s_mtt_012X0N0Z00000000000J.param] is opened for [session [wf_mtt_012X0N0Z00000000000J.s_mtt_012X0N0Z00000000000J]].
DIRECTOR> VAR_27062 [2025-04-09 19:49:38.833] Warning! Cannot find section for worklet [wf_mtt_012X0N0Z00000000000J] and folder [] in parameter file [C:\Program Files\Informatica Cloud Secure Agent\apps\Data_Integration_Server\data\parameters\s_mtt_012X0N0Z00000000000J.param].
DIRECTOR> TM_6014 [2025-04-09 19:49:38.833] Initializing session [s_mtt_012X0N0Z00000000000J] at [Wed Apr 09 19:49:38 2025].
DIRECTOR> TM_6683 [2025-04-09 19:49:38.833] Repository Name: [XMLRepository]
DIRECTOR> TM_6684 [2025-04-09 19:49:38.833] Server Name: [rDTM]
DIRECTOR> TM_6686 [2025-04-09 19:49:38.834] Folder: []
DIRECTOR> TM_6685 [2025-04-09 19:49:38.834] Workflow: [wf_mtt_012X0N0Z00000000000J] Run Instance Name: [] Run Id: [0]
DIRECTOR> TM_6992 [2025-04-09 19:49:38.834] Operating System Type [NT]
DIRECTOR> TM_6101 [2025-04-09 19:49:38.834] Mapping name: Mapping0.
DIRECTOR> TM_6964 [2025-04-09 19:49:38.834] Date format for the Session is [MM/DD/YYYY HH24:MI:SS.US]
DIRECTOR> TM_6703 [2025-04-09 19:49:38.834] Session [s_mtt_012X0N0Z00000000000J] is run by 64-bit Integration Service  [], version [10.2.0 HotFix2], build [0321].
MANAGER> PETL_24091 [2025-04-09 19:49:39.883] Thread [MANAGER] has the ID [1].
MANAGER> PETL_24058 [2025-04-09 19:49:39.883] Running Partition Group [1].
MANAGER> PETL_24000 [2025-04-09 19:49:39.883] Parallel Pipeline Engine initializing.
MONITOR> PETL_24091 [2025-04-09 19:49:39.884] Thread [MONITOR] has the ID [2].
MANAGER> PETL_24001 [2025-04-09 19:49:39.884] Parallel Pipeline Engine running.
MANAGER> PETL_24003 [2025-04-09 19:49:39.884] Initializing session run.
MAPPING> PETL_24091 [2025-04-09 19:49:39.885] Thread [MAPPING] has the ID [3].
MAPPING> CMN_1569 [2025-04-09 19:49:39.886] Server Mode: [UNICODE]
MAPPING> CMN_1570 [2025-04-09 19:49:39.886] Server Code page: [MS Windows Latin 1 (ANSI), superset of Latin1]
MAPPING> TM_6151 [2025-04-09 19:49:39.886] The session sort order is [Binary].
MAPPING> TM_6185 [2025-04-09 19:49:39.886] Warning. Code page validation is disabled in this session.
MAPPING> CMN_65109 [2025-04-09 19:49:39.886] Current Timezone:[UTC +5:30]
MAPPING> CMN_65111 [2025-04-09 19:49:39.886] Current Process ID:[39976]
MAPPING> TM_6155 [2025-04-09 19:49:39.886] Using HIGH precision processing.
MAPPING> TM_6180 [2025-04-09 19:49:39.886] Deadlock retry logic will not be implemented.
MAPPING> TM_6187 [2025-04-09 19:49:39.886] Session target-based commit interval is [10000].
MAPPING> TM_6307 [2025-04-09 19:49:39.886] DTM error log disabled. 
MAPPING> TE_7022 [2025-04-09 19:49:39.887] TShmWriter: Initialized
MAPPING> TM_6007 [2025-04-09 19:49:39.888] DTM initialized successfully for session [s_mtt_012X0N0Z00000000000J]
DIRECTOR> PETL_24033 [2025-04-09 19:49:40.111] All DTM Connection Info: [<NONE>].
MANAGER> PETL_24004 [2025-04-09 19:49:40.111] Starting pre-session tasks. : (Wed Apr 09 19:49:40 2025)
PRE-SESS> PETL_24091 [2025-04-09 19:49:40.112] Thread [PRE-SESS] has the ID [4].
MANAGER> PETL_24027 [2025-04-09 19:49:40.189] Pre-session task completed successfully. : (Wed Apr 09 19:49:40 2025)
DIRECTOR> PETL_24006 [2025-04-09 19:49:40.189] Starting data movement.
MAPPING> TM_6660 [2025-04-09 19:49:40.190] Total Buffer Pool size is 1596640 bytes and Block size is 86480 bytes.
READER_1_1_1> PETL_24091 [2025-04-09 19:49:40.190] Thread [READER_1_1_1] has the ID [5].
READER_1_1_1> DBG_21437 [2025-04-09 19:49:40.191] Reader: Source is a file-based source.
READER_1_1_1> FR_3118 [2025-04-09 19:49:40.191] source [Source] code page: [UTF-8 encoding of Unicode]
READER_1_1_1> FR_3071 [2025-04-09 19:49:40.192] Maximum Line sequential buffer length is 1026.
READER_1_1_1> BLKR_16003 [2025-04-09 19:49:40.192] Initialization completed successfully.
TRANSF_1_1_1> PETL_24091 [2025-04-09 19:49:40.192] Thread [TRANSF_1_1_1] has the ID [6].
WRITER_1_*_1> PETL_24091 [2025-04-09 19:49:40.193] Thread [WRITER_1_*_1] has the ID [7].
WRITER_1_*_1> WRT_8147 [2025-04-09 19:49:40.194] Writer: Target is Database [odbc://dbtype=Oracle;host=localhost;port=1522;database=xe], Type [ODBC], User [final], Bulk Mode [OFF]
WRITER_1_*_1> CMN_1021 [2025-04-09 19:49:40.211] Database driver event...
CMN_1021 [Reading driver properties from : C:\Program Files\Informatica Cloud Secure Agent\apps\Data_Integration_Server\72.0.1.1\ICS\main\bin\rdtm/../../../../drivers/driver.properties
DTM flag to determine driver name is not found hence default to [DataDirect CLOSED 8.0 Oracle Wire Protocol for Informatica - BASE] driver.
ODBC Event Using array fetches.
ODBC Event Using Single Row Inserts. connect string = [Driver=DataDirect CLOSED 8.0 Oracle Wire Protocol for Informatica - BASE;Host=localhost;ServiceName=xe;Port=1522;UID=final;AS=6000000;EBL=0;ENS=1;IACP=4;ETWT=1;WorkArounds2=2;EnableEmptyLobs=1]. userid = [final]
ODBC Version:	03.80.0000
.
DBMS Name:	Oracle
.
DBMS Version:	11.02.0000 Oracle 11.2.0.2.0
.
Driver Name:	dwora28.dll
.
Driver Version:	08.02.3072 (B1917, U1723)
.
Driver ODBC Version:	03.52
.]

WRITER_1_*_1> WRT_8221 [2025-04-09 19:49:40.211] Target database connection [Conn_012X0N0B000000000009] code page: [UTF-8 encoding of Unicode]
WRITER_1_*_1> WRT_8124 [2025-04-09 19:49:40.212] Target Table CDW_UAS_D_TIME :SQL INSERT statement:
INSERT INTO FINAL.CDW_UAS_D_TIME(TIME_ID,DAY,MONTH,QUARTER,YEAR)  VALUES ( ?, ?, ?, ?, ?) 
WRITER_1_*_1> WRT_8124 [2025-04-09 19:49:40.212] Target Table CDW_UAS_D_TIME :SQL UPDATE statement:
UPDATE FINAL.CDW_UAS_D_TIME SET DAY = ?, MONTH = ?, QUARTER = ?, YEAR = ? WHERE TIME_ID = ?
WRITER_1_*_1> WRT_8124 [2025-04-09 19:49:40.212] Target Table CDW_UAS_D_TIME :SQL DELETE statement:
DELETE FROM FINAL.CDW_UAS_D_TIME WHERE TIME_ID = ?
WRITER_1_*_1> WRT_8270 [2025-04-09 19:49:40.213] Target connection group #1 consists of target(s) [CDW_UAS_D_TIME]
WRITER_1_*_1> WRT_8003 [2025-04-09 19:49:40.213] Writer initialization complete.
READER_1_1_1> BLKR_16007 [2025-04-09 19:49:40.213] Reader run started.
WRITER_1_*_1> WRT_8005 [2025-04-09 19:49:40.213] Writer run started.
WRITER_1_*_1> WRT_8158 [2025-04-09 19:49:40.213] 

*****START LOAD SESSION*****

Load Start Time: Wed Apr 09 19:49:40 2025

Target tables:

     CDW_UAS_D_TIME


READER_1_1_1> _3120 [2025-04-09 19:49:40.213] Number of column in metadata are more than source file.
READER_1_1_1> FR_3076 [2025-04-09 19:49:40.213] Skipped over [1] lines.
READER_1_1_1> DBG_21430 [2025-04-09 19:49:40.213] Reading data from input source file [C:\Users\91739\OneDrive\Documents\final_cts_project\CDW_UAS_D_TIME.txt] : (Wed Apr 09 19:49:40 2025)
READER_1_1_1> BLKR_16019 [2025-04-09 19:49:40.213] Read [11] rows, read [0] error rows for source table [CDW_UAS_D_TIME_txt] instance name [CDW_UAS_D_TIME_txt]
READER_1_1_1> BLKR_16008 [2025-04-09 19:49:40.213] Reader run completed.
TRANSF_1_1_1> DBG_21216 [2025-04-09 19:49:40.214] Finished transformations for Source Qualifier [Source]. Total errors [0] 
WRITER_1_*_1> WRT_8167 [2025-04-09 19:49:40.214] Start loading table [CDW_UAS_D_TIME] at: Wed Apr 09 19:49:40 2025
WRITER_1_*_1> WRT_8168 [2025-04-09 19:49:40.230] End loading table [CDW_UAS_D_TIME] at: Wed Apr 09 19:49:40 2025
WRITER_1_*_1> WRT_8141 [2025-04-09 19:49:40.230] 
Commit on end-of-data  Wed Apr 09 19:49:40 2025
===================================================

WRT_8036 Target: CDW_UAS_D_TIME (Instance Name: [CDW_UAS_D_TIME])
WRT_8038 Inserted rows - Requested: 11         Applied: 11         Rejected: 0          Affected: 11        

WRITER_1_*_1> WRT_8035 [2025-04-09 19:49:40.231] Load complete time: Wed Apr 09 19:49:40 2025

LOAD SUMMARY
============

WRT_8036 Target: CDW_UAS_D_TIME (Instance Name: [CDW_UAS_D_TIME])
WRT_8038 Inserted rows - Requested: 11         Applied: 11         Rejected: 0          Affected: 11        


WRITER_1_*_1> WRT_8043 [2025-04-09 19:49:40.231] *****END LOAD SESSION*****
WRITER_1_*_1> WRT_8006 [2025-04-09 19:49:40.234] Writer run completed.
MANAGER> PETL_24031 [2025-04-09 19:49:40.235] 
***** RUN INFO FOR TGT LOAD ORDER GROUP [1], CONCURRENT SET [1] *****
Thread [READER_1_1_1] created for [the read stage] of partition point [Source] has completed. The total run time was insufficient for any meaningful statistics.
Thread [TRANSF_1_1_1] created for [the transformation stage] of partition point [Source] has completed. The total run time was insufficient for any meaningful statistics.
Thread [WRITER_1_*_1] created for [the write stage] of partition point [CDW_UAS_D_TIME] has completed. The total run time was insufficient for any meaningful statistics.

MANAGER> PETL_24005 [2025-04-09 19:49:40.343] Starting post-session tasks. : (Wed Apr 09 19:49:40 2025)
POST-SESS> PETL_24091 [2025-04-09 19:49:40.344] Thread [POST-SESS] has the ID [8].
MANAGER> PETL_24029 [2025-04-09 19:49:40.434] Post-session task completed successfully. : (Wed Apr 09 19:49:40 2025)
MAPPING> TM_6018 [2025-04-09 19:49:40.434] The session completed with [0] row transformation errors. 
MANAGER> PETL_24002 [2025-04-09 19:49:40.973] Parallel Pipeline Engine finished.
DIRECTOR> PETL_24012 [2025-04-09 19:49:41.035] Session run completed successfully.
DIRECTOR> TM_6022 [2025-04-09 19:49:41.035] 

SESSION LOAD SUMMARY
================================================

DIRECTOR> TM_6252 [2025-04-09 19:49:41.035] Source Load Summary.
DIRECTOR> CMN_1740 [2025-04-09 19:49:41.035] Table: [Source] (Instance Name: [Source] Instance UI Name: [Source])
	 Output Rows [11], Affected Rows [11], Applied Rows [11], Rejected Rows [0]
DIRECTOR> TM_6253 [2025-04-09 19:49:41.035] Target Load Summary.
DIRECTOR> CMN_1740 [2025-04-09 19:49:41.035] Table: [CDW_UAS_D_TIME] (Instance Name: [CDW_UAS_D_TIME] Instance UI Name: [Target])
	 Output Rows [11], Affected Rows [11], Applied Rows [11], Rejected Rows [0]
DIRECTOR> TM_6023 [2025-04-09 19:49:41.035] 
===================================================

DIRECTOR> TM_6020 [2025-04-09 19:49:41.035] Session [s_mtt_012X0N0Z00000000000J] completed at [Wed Apr 09 19:49:41 2025].
