Agent Group Id: 012X0N2500000000002U
Agent Group Name: MSI
Agent Name: MSI
Agent Id: 012X0N0800000000002U
Task Name: Synchronization Task2
Task Type: DSS
Task Id: 012X0N0I000000000004
Run Id: 2
Service Id: 1840643
Started By: iics2k25@gmail.com
Run Context Type: ICS_UI
04/09/2025 05:26:13 **** Importing Connection: TargConn_012X0N0B000000000004 ...
04/09/2025 05:26:13 **** Importing Source Definition: cust_csv ...
04/09/2025 05:26:13 **** Importing Target Definition: Account ...
04/09/2025 05:26:13 **** Importing SessionConfig: cfg_s_dss_012X0N0I000000000004 ...
    <Warning> :  The Error Log DB Connection value should have Relational: as the prefix.
    <Warning> :  Invalid value  for attribute Error Log DB Connection. Will use the default value 
    Validating Source Definition  cust_csv...
    Validating Target Definition  Account...
04/09/2025 05:26:13 **** Importing Mapping: m_dss_012X0N0I000000000004 ...
Validating transformations of mapping m_dss_012X0N0I000000000004...
Validating mapping variable(s).
04/09/2025 05:26:13 **** Importing Workflow: wf_dss_012X0N0I000000000004 ...
    <Warning> :  Invalid value None for attribute Pushdown Optimization Context. Will use the default value None     [Session< s_dss_012X0N0I000000000004 > ] 
    <Warning> :  The value entered is not a valid integer.
    <Warning> :  Invalid value NO for attribute Fail task after wait time. Will use the default value 
Successfully extracted session instance [s_dss_012X0N0I000000000004].  Starting repository sequence id is [824078889]
======================================================================
DIRECTOR> VAR_27085 [2025-04-09 05:26:13.214] Parameter file [C:\Program Files\Informatica Cloud Secure Agent\apps\Data_Integration_Server\data\parameters\s_dss_012X0N0I000000000004.param] is opened for [session [wf_dss_012X0N0I000000000004.s_dss_012X0N0I000000000004]].
DIRECTOR> VAR_27062 [2025-04-09 05:26:13.215] Warning! Cannot find section for worklet [wf_dss_012X0N0I000000000004] and folder [] in parameter file [C:\Program Files\Informatica Cloud Secure Agent\apps\Data_Integration_Server\data\parameters\s_dss_012X0N0I000000000004.param].
DIRECTOR> TM_6014 [2025-04-09 05:26:13.215] Initializing session [s_dss_012X0N0I000000000004] at [Wed Apr 09 05:26:13 2025].
DIRECTOR> TM_6683 [2025-04-09 05:26:13.216] Repository Name: [XMLRepository]
DIRECTOR> TM_6684 [2025-04-09 05:26:13.216] Server Name: [rDTM]
DIRECTOR> TM_6686 [2025-04-09 05:26:13.216] Folder: []
DIRECTOR> TM_6685 [2025-04-09 05:26:13.216] Workflow: [wf_dss_012X0N0I000000000004] Run Instance Name: [] Run Id: [0]
DIRECTOR> TM_6992 [2025-04-09 05:26:13.216] Operating System Type [NT]
DIRECTOR> TM_6101 [2025-04-09 05:26:13.216] Mapping name: m_dss_012X0N0I000000000004.
DIRECTOR> TM_6964 [2025-04-09 05:26:13.217] Date format for the Session is [MM/DD/YYYY HH24:MI:SS]
DIRECTOR> TM_6703 [2025-04-09 05:26:13.217] Session [s_dss_012X0N0I000000000004] is run by 64-bit Integration Service  [], version [10.2.0 HotFix2], build [0321].
MANAGER> PETL_24091 [2025-04-09 05:26:14.262] Thread [MANAGER] has the ID [1].
MANAGER> PETL_24058 [2025-04-09 05:26:14.262] Running Partition Group [1].
MANAGER> PETL_24000 [2025-04-09 05:26:14.262] Parallel Pipeline Engine initializing.
MONITOR> PETL_24091 [2025-04-09 05:26:14.262] Thread [MONITOR] has the ID [2].
MANAGER> PETL_24001 [2025-04-09 05:26:14.262] Parallel Pipeline Engine running.
MANAGER> PETL_24003 [2025-04-09 05:26:14.262] Initializing session run.
MAPPING> PETL_24091 [2025-04-09 05:26:14.263] Thread [MAPPING] has the ID [3].
MAPPING> CMN_1569 [2025-04-09 05:26:14.264] Server Mode: [UNICODE]
MAPPING> CMN_1570 [2025-04-09 05:26:14.264] Server Code page: [MS Windows Latin 1 (ANSI), superset of Latin1]
MAPPING> TM_6151 [2025-04-09 05:26:14.264] The session sort order is [Binary].
MAPPING> TM_6185 [2025-04-09 05:26:14.264] Warning. Code page validation is disabled in this session.
MAPPING> CMN_65109 [2025-04-09 05:26:14.264] Current Timezone:[UTC +5:30]
MAPPING> CMN_65111 [2025-04-09 05:26:14.264] Current Process ID:[53764]
MAPPING> TM_6155 [2025-04-09 05:26:14.264] Using HIGH precision processing.
MAPPING> TM_6180 [2025-04-09 05:26:14.264] Deadlock retry logic will not be implemented.
MAPPING> TM_6181 [2025-04-09 05:26:14.264] Session source-based commit interval is [5000].
MAPPING> PMJVM_42020 [2025-04-09 05:26:14.267] [INFO] Loaded library : C:\PROGRA~1\INFORM~1\apps\AGENTC~1\.\..\..\jdk8\jre\bin\server\jvm.dll.
MAPPING> PMJVM_42009 [2025-04-09 05:26:14.302] [INFO] Created Java VM successfully.
MAPPING> SDKS_38029 [2025-04-09 05:26:14.365] Loaded plug-in 500100: [plugin description].
MAPPING> SDKS_38024 [2025-04-09 05:26:14.423] Plug-in 500100 initialization complete.
MAPPING> SDKS_38017 [2025-04-09 05:26:14.423] Writer SDK plug-in initialization complete.
MAPPING> SDKS_38509 [2025-04-09 05:26:14.729] SDK target and group initialization complete.
MAPPING> TM_6308 [2025-04-09 05:26:14.729] DTM error log using code page UTF-8.
MAPPING> TM_6310 [2025-04-09 05:26:14.729] DTM error log enabled at file [C:\PROGRA~1\INFORM~1\apps\Data_Integration_Server\data\error\s_dss_012X0N0I000000000004_2_error.csv].
MAPPING> TM_6682 [2025-04-09 05:26:14.729] Warning: Since DTM Error Logging is enabled, row level errors will not be written to the session log. Please check the DTM Error Log for any row level errors.
MAPPING> TM_6701 [2025-04-09 05:26:14.729] Warning: The data column delimiter for DTM Error logging and the flat file delimiter are the same [','].
MAPPING> TE_7022 [2025-04-09 05:26:14.730] TShmWriter: Initialized
MAPPING> DBG_21491 [2025-04-09 05:26:14.730] Source-based commit interval based on rows from Source Qualifier [SQ_cust_csv]
MAPPING> DBG_21244 [2025-04-09 05:26:14.731] Initializing Load Order Group [1]. Source Qualifier is [SQ_cust_csv]
MAPPING> TM_6007 [2025-04-09 05:26:14.731] DTM initialized successfully for session [s_dss_012X0N0I000000000004]
DIRECTOR> PETL_24033 [2025-04-09 05:26:14.731] All DTM Connection Info: [<NONE>].
MANAGER> PETL_24004 [2025-04-09 05:26:14.731] Starting pre-session tasks. : (Wed Apr 09 05:26:14 2025)
PRE-SESS> PETL_24091 [2025-04-09 05:26:14.731] Thread [PRE-SESS] has the ID [4].
MANAGER> PETL_24027 [2025-04-09 05:26:14.805] Pre-session task completed successfully. : (Wed Apr 09 05:26:14 2025)
DIRECTOR> PETL_24006 [2025-04-09 05:26:14.805] Starting data movement.
MAPPING> TM_6660 [2025-04-09 05:26:14.805] Total Buffer Pool size is 11518384 bytes and Block size is 637688 bytes.
READER_1_1_1> PETL_24091 [2025-04-09 05:26:14.807] Thread [READER_1_1_1] has the ID [5].
READER_1_1_1> DBG_21437 [2025-04-09 05:26:14.808] Reader: Source is a file-based source.
READER_1_1_1> FR_3118 [2025-04-09 05:26:14.808] source [SQ_cust_csv] code page: [UTF-8 encoding of Unicode]
READER_1_1_1> FR_3071 [2025-04-09 05:26:14.808] Maximum Line sequential buffer length is 1516.
READER_1_1_1> BLKR_16003 [2025-04-09 05:26:14.808] Initialization completed successfully.
TRANSF_1_1_1> PETL_24091 [2025-04-09 05:26:14.808] Thread [TRANSF_1_1_1] has the ID [6].
WRITER_1_*_1> PETL_24091 [2025-04-09 05:26:14.809] Thread [WRITER_1_*_1] has the ID [7].
WRITER_1_*_1> SalesforceConnection_10057 [2025-04-09 05:26:14.878] [INFO] No proxy information set.
WRITER_1_*_1> SalesforceConnection_10048 [2025-04-09 05:26:16.478] [INFO] Account[iics2k25270@agentforce.com] logged on salesforce.com at [https://login.salesforce.com/services/Soap/u/60.0].
WRITER_1_*_1> SalesforceConnection_10147 [2025-04-09 05:26:16.478] [INFO] Logged on salesforce.com in [Standard] mode.
WRITER_1_*_1> SFDC_WRITER_10065 [2025-04-09 05:26:16.485] [INFO] Inserted Target Batch Size [200].
WRITER_1_*_1> GENERIC_WRITER_10036 [2025-04-09 05:26:16.488] [WARNING] Success file directory is empty or starts with a $. Defaulting it to $PMTargetFileDir.
WRITER_1_*_1> GENERIC_WRITER_10037 [2025-04-09 05:26:16.488] [WARNING] Error file directory is empty or starts with a $. Defaulting it to $PMBadFileDir.
WRITER_1_*_1> SFDC_WRITER_10113 [2025-04-09 05:26:16.489] [INFO] The Save Error Rows option is set. The error file [C:\PROGRA~1\INFORM~1\apps\Data_Integration_Server\data\error\s_dss_012X0N0I000000000004_4_09_2025_05_26_standard_error.csv] will be generated.
WRITER_1_*_1> WRT_8270 [2025-04-09 05:26:16.491] Target connection group #1 consists of target(s) [Account: Partition 1]
WRITER_1_*_1> WRT_8324 [2025-04-09 05:26:16.491] Warning: Target Connection Group's connection doesn't support transactions. Targets [Account: Partition 1] may not be loaded according to specified transaction boundary rules!
WRITER_1_*_1> WRT_8003 [2025-04-09 05:26:16.491] Writer initialization complete.
READER_1_1_1> BLKR_16007 [2025-04-09 05:26:16.491] Reader run started.
WRITER_1_*_1> WRT_8005 [2025-04-09 05:26:16.491] Writer run started.
WRITER_1_*_1> WRT_8158 [2025-04-09 05:26:16.491] 

*****START LOAD SESSION*****

Load Start Time: Wed Apr 09 05:26:16 2025

Target tables:

     Account: Partition 1


READER_1_1_1> _3120 [2025-04-09 05:26:16.492] Number of column in metadata are more than source file.
READER_1_1_1> FR_3076 [2025-04-09 05:26:16.492] Skipped over [1] lines.
READER_1_1_1> DBG_21430 [2025-04-09 05:26:16.492] Reading data from input source file [C:\Users\91739\OneDrive\Documents\cts_hands_on\cust.csv] : (Wed Apr 09 05:26:16 2025)
READER_1_1_1> BLKR_16019 [2025-04-09 05:26:16.492] Read [10] rows, read [0] error rows for source table [cust_csv] instance name [cust_csv]
READER_1_1_1> BLKR_16008 [2025-04-09 05:26:16.492] Reader run completed.
TRANSF_1_1_1> DBG_21216 [2025-04-09 05:26:16.493] Finished transformations for Source Qualifier [SQ_cust_csv]. Total errors [0] 
WRITER_1_*_1> WRT_8167 [2025-04-09 05:26:16.493] Start loading table [Account: Partition 1] at: Wed Apr 09 05:26:16 2025
WRITER_1_*_1> WRT_8168 [2025-04-09 05:26:16.893] End loading table [Account: Partition 1] at: Wed Apr 09 05:26:16 2025
WRITER_1_*_1> WRT_8035 [2025-04-09 05:26:16.898] Load complete time: Wed Apr 09 05:26:16 2025

LOAD SUMMARY
============

WRT_8036 Target: Account: Partition 1 (Instance Name: [Account])
WRT_8038 Inserted rows - Requested: 10         Applied: 10         Rejected: 0          Affected: 10        


WRITER_1_*_1> WRT_8043 [2025-04-09 05:26:16.898] *****END LOAD SESSION*****
WRITER_1_*_1> WRT_8006 [2025-04-09 05:26:16.898] Writer run completed.
MANAGER> PETL_24031 [2025-04-09 05:26:16.899] 
***** RUN INFO FOR TGT LOAD ORDER GROUP [1], CONCURRENT SET [1] *****
Thread [READER_1_1_1] created for [the read stage] of partition point [SQ_cust_csv] has completed. The total run time was insufficient for any meaningful statistics.
Thread [TRANSF_1_1_1] created for [the transformation stage] of partition point [SQ_cust_csv] has completed. The total run time was insufficient for any meaningful statistics.
Thread [WRITER_1_*_1] created for [the write stage] of partition point [Account] has completed. The total run time was insufficient for any meaningful statistics.

MANAGER> PETL_24005 [2025-04-09 05:26:17.012] Starting post-session tasks. : (Wed Apr 09 05:26:17 2025)
POST-SESS> PETL_24091 [2025-04-09 05:26:17.014] Thread [POST-SESS] has the ID [8].
MANAGER> PETL_24029 [2025-04-09 05:26:17.090] Post-session task completed successfully. : (Wed Apr 09 05:26:17 2025)
MAPPING> SDKS_38510 [2025-04-09 05:26:17.090] SDK target and group deinitialized with status [0].
MAPPING> SDKS_38025 [2025-04-09 05:26:17.090] Plug-in 500100 deinitialized and unloaded with status [0].
MAPPING> SDKS_38019 [2025-04-09 05:26:17.090] Writer SDK plug-ins deinitialized with status [0].
MAPPING> TM_6315 [2025-04-09 05:26:17.090] DTM error log: file log [C:\PROGRA~1\INFORM~1\apps\Data_Integration_Server\data\error\s_dss_012X0N0I000000000004_2_error.csv], rows inserted [0].
MAPPING> TM_6018 [2025-04-09 05:26:17.090] The session completed with [0] row transformation errors. 
MANAGER> PETL_24002 [2025-04-09 05:26:17.382] Parallel Pipeline Engine finished.
DIRECTOR> PETL_24012 [2025-04-09 05:26:17.444] Session run completed successfully.
DIRECTOR> TM_6022 [2025-04-09 05:26:17.444] 

SESSION LOAD SUMMARY
================================================

DIRECTOR> TM_6252 [2025-04-09 05:26:17.444] Source Load Summary.
DIRECTOR> CMN_1740 [2025-04-09 05:26:17.444] Table: [SQ_cust_csv] (Instance Name: [SQ_cust_csv] Instance UI Name: [])
	 Output Rows [10], Affected Rows [10], Applied Rows [10], Rejected Rows [0]
DIRECTOR> TM_6253 [2025-04-09 05:26:17.444] Target Load Summary.
DIRECTOR> CMN_1740 [2025-04-09 05:26:17.444] Table: [Account] (Instance Name: [Account] Instance UI Name: [])
	 Output Rows [10], Affected Rows [10], Applied Rows [10], Rejected Rows [0]
DIRECTOR> TM_6023 [2025-04-09 05:26:17.444] 
===================================================

DIRECTOR> TM_6020 [2025-04-09 05:26:17.444] Session [s_dss_012X0N0I000000000004] completed at [Wed Apr 09 05:26:17 2025].
